<?xml version="1.0" encoding="UTF-8" standalone="no"?>
<testsuite errors="0" failures="1" name="io.cucumber.core.plugin.JUnitFormatter" skipped="0" tests="2" time="30.979">
    <testcase classname="Login page title" name="Login page title" time="10.978">
        <system-out><![CDATA[Given user is on login page.................................................passed
When user gets the title of the page........................................passed
Then page title should be "Swag Labs".......................................passed
]]></system-out>
    </testcase>
    <testcase classname="Login page title" name="Login with correct credentials" time="19.741">
        <failure message="" type="java.lang.AssertionError"><![CDATA[Given user is on login page.................................................passed
When user enters username "standard_user"...................................passed
And user enters password "secret_sauce".....................................passed
And user clicks on Login button.............................................passed
Then user gets the title of the page........................................passed
And page title should be "Single Page Apps for GitHub Pages"................failed

StackTrace:
java.lang.AssertionError
	at org.junit.Assert.fail(Assert.java:87)
	at org.junit.Assert.assertTrue(Assert.java:42)
	at org.junit.Assert.assertTrue(Assert.java:53)
	at stepDefinations.loginPage.page_title_should_be(loginPage.java:36)
	at âœ½.page title should be "Single Page Apps for GitHub Pages"(file:///D:/Harshit/LatestApp/CucumberPOMSeries/src/test/resources/AppFeatures.features/loginPage.feature:16)
]]></failure>
    </testcase>
</testsuite>
